<?xml version="1.0" encoding="UTF-8"?>
<testsuite xmlns:xsi="http://www.w3.org/2001/XMLSchema-instance" xsi:noNamespaceSchemaLocation="https://maven.apache.org/surefire/maven-surefire-plugin/xsd/surefire-test-report-3.0.xsd" version="3.0" name="Salesforce activities" time="94.67" tests="3" errors="0" skipped="0" failures="0">
  <properties>
    <property name="java.specification.version" value="17"/>
    <property name="webdriver.chrome.driver" value="src/test/resources/Drivers/chromedriver.exe"/>
    <property name="sun.cpu.isalist" value="amd64"/>
    <property name="sun.jnu.encoding" value="Cp1252"/>
    <property name="java.class.path" value="C:\Users\2015j\IdeaProjects\JordyProject\target\test-classes;C:\Users\2015j\IdeaProjects\JordyProject\target\classes;C:\Users\2015j\.m2\repository\org\seleniumhq\selenium\selenium-java\4.1.3\selenium-java-4.1.3.jar;C:\Users\2015j\.m2\repository\org\seleniumhq\selenium\selenium-api\4.1.3\selenium-api-4.1.3.jar;C:\Users\2015j\.m2\repository\org\seleniumhq\selenium\selenium-chrome-driver\4.1.3\selenium-chrome-driver-4.1.3.jar;C:\Users\2015j\.m2\repository\com\google\auto\service\auto-service-annotations\1.0.1\auto-service-annotations-1.0.1.jar;C:\Users\2015j\.m2\repository\com\google\auto\service\auto-service\1.0.1\auto-service-1.0.1.jar;C:\Users\2015j\.m2\repository\com\google\auto\auto-common\1.2\auto-common-1.2.jar;C:\Users\2015j\.m2\repository\com\google\guava\guava\31.1-jre\guava-31.1-jre.jar;C:\Users\2015j\.m2\repository\com\google\guava\failureaccess\1.0.1\failureaccess-1.0.1.jar;C:\Users\2015j\.m2\repository\com\google\guava\listenablefuture\9999.0-empty-to-avoid-conflict-with-guava\listenablefuture-9999.0-empty-to-avoid-conflict-with-guava.jar;C:\Users\2015j\.m2\repository\com\google\code\findbugs\jsr305\3.0.2\jsr305-3.0.2.jar;C:\Users\2015j\.m2\repository\org\checkerframework\checker-qual\3.12.0\checker-qual-3.12.0.jar;C:\Users\2015j\.m2\repository\com\google\errorprone\error_prone_annotations\2.11.0\error_prone_annotations-2.11.0.jar;C:\Users\2015j\.m2\repository\com\google\j2objc\j2objc-annotations\1.3\j2objc-annotations-1.3.jar;C:\Users\2015j\.m2\repository\org\seleniumhq\selenium\selenium-chromium-driver\4.1.3\selenium-chromium-driver-4.1.3.jar;C:\Users\2015j\.m2\repository\org\seleniumhq\selenium\selenium-json\4.1.3\selenium-json-4.1.3.jar;C:\Users\2015j\.m2\repository\org\seleniumhq\selenium\selenium-devtools-v85\4.1.3\selenium-devtools-v85-4.1.3.jar;C:\Users\2015j\.m2\repository\org\seleniumhq\selenium\selenium-devtools-v97\4.1.3\selenium-devtools-v97-4.1.3.jar;C:\Users\2015j\.m2\repository\org\seleniumhq\selenium\selenium-devtools-v98\4.1.3\selenium-devtools-v98-4.1.3.jar;C:\Users\2015j\.m2\repository\org\seleniumhq\selenium\selenium-devtools-v99\4.1.3\selenium-devtools-v99-4.1.3.jar;C:\Users\2015j\.m2\repository\org\seleniumhq\selenium\selenium-edge-driver\4.1.3\selenium-edge-driver-4.1.3.jar;C:\Users\2015j\.m2\repository\org\seleniumhq\selenium\selenium-firefox-driver\4.1.3\selenium-firefox-driver-4.1.3.jar;C:\Users\2015j\.m2\repository\org\seleniumhq\selenium\selenium-ie-driver\4.1.3\selenium-ie-driver-4.1.3.jar;C:\Users\2015j\.m2\repository\org\seleniumhq\selenium\selenium-opera-driver\4.1.3\selenium-opera-driver-4.1.3.jar;C:\Users\2015j\.m2\repository\org\seleniumhq\selenium\selenium-remote-driver\4.1.3\selenium-remote-driver-4.1.3.jar;C:\Users\2015j\.m2\repository\com\beust\jcommander\1.82\jcommander-1.82.jar;C:\Users\2015j\.m2\repository\io\netty\netty-buffer\4.1.75.Final\netty-buffer-4.1.75.Final.jar;C:\Users\2015j\.m2\repository\io\netty\netty-codec-http\4.1.75.Final\netty-codec-http-4.1.75.Final.jar;C:\Users\2015j\.m2\repository\io\netty\netty-codec\4.1.75.Final\netty-codec-4.1.75.Final.jar;C:\Users\2015j\.m2\repository\io\netty\netty-handler\4.1.75.Final\netty-handler-4.1.75.Final.jar;C:\Users\2015j\.m2\repository\io\netty\netty-common\4.1.75.Final\netty-common-4.1.75.Final.jar;C:\Users\2015j\.m2\repository\io\netty\netty-transport-classes-epoll\4.1.75.Final\netty-transport-classes-epoll-4.1.75.Final.jar;C:\Users\2015j\.m2\repository\io\netty\netty-transport-classes-kqueue\4.1.75.Final\netty-transport-classes-kqueue-4.1.75.Final.jar;C:\Users\2015j\.m2\repository\io\netty\netty-transport-native-epoll\4.1.75.Final\netty-transport-native-epoll-4.1.75.Final.jar;C:\Users\2015j\.m2\repository\io\netty\netty-transport-native-kqueue\4.1.75.Final\netty-transport-native-kqueue-4.1.75.Final.jar;C:\Users\2015j\.m2\repository\io\netty\netty-transport-native-unix-common\4.1.75.Final\netty-transport-native-unix-common-4.1.75.Final.jar;C:\Users\2015j\.m2\repository\io\netty\netty-transport\4.1.75.Final\netty-transport-4.1.75.Final.jar;C:\Users\2015j\.m2\repository\io\netty\netty-resolver\4.1.75.Final\netty-resolver-4.1.75.Final.jar;C:\Users\2015j\.m2\repository\io\opentelemetry\opentelemetry-api\1.12.0\opentelemetry-api-1.12.0.jar;C:\Users\2015j\.m2\repository\io\opentelemetry\opentelemetry-context\1.12.0\opentelemetry-context-1.12.0.jar;C:\Users\2015j\.m2\repository\io\opentelemetry\opentelemetry-exporter-logging\1.12.0\opentelemetry-exporter-logging-1.12.0.jar;C:\Users\2015j\.m2\repository\io\opentelemetry\opentelemetry-sdk-metrics\1.12.0-alpha\opentelemetry-sdk-metrics-1.12.0-alpha.jar;C:\Users\2015j\.m2\repository\io\opentelemetry\opentelemetry-sdk-logs\1.12.0-alpha\opentelemetry-sdk-logs-1.12.0-alpha.jar;C:\Users\2015j\.m2\repository\io\opentelemetry\opentelemetry-sdk-common\1.12.0\opentelemetry-sdk-common-1.12.0.jar;C:\Users\2015j\.m2\repository\io\opentelemetry\opentelemetry-sdk-extension-autoconfigure-spi\1.12.0\opentelemetry-sdk-extension-autoconfigure-spi-1.12.0.jar;C:\Users\2015j\.m2\repository\io\opentelemetry\opentelemetry-sdk-extension-autoconfigure\1.12.0-alpha\opentelemetry-sdk-extension-autoconfigure-1.12.0-alpha.jar;C:\Users\2015j\.m2\repository\io\opentelemetry\opentelemetry-sdk-trace\1.12.0\opentelemetry-sdk-trace-1.12.0.jar;C:\Users\2015j\.m2\repository\io\opentelemetry\opentelemetry-sdk\1.12.0\opentelemetry-sdk-1.12.0.jar;C:\Users\2015j\.m2\repository\io\opentelemetry\opentelemetry-semconv\1.12.0-alpha\opentelemetry-semconv-1.12.0-alpha.jar;C:\Users\2015j\.m2\repository\io\ous\jtoml\2.0.0\jtoml-2.0.0.jar;C:\Users\2015j\.m2\repository\net\bytebuddy\byte-buddy\1.12.8\byte-buddy-1.12.8.jar;C:\Users\2015j\.m2\repository\org\apache\commons\commons-exec\1.3\commons-exec-1.3.jar;C:\Users\2015j\.m2\repository\org\asynchttpclient\async-http-client\2.12.3\async-http-client-2.12.3.jar;C:\Users\2015j\.m2\repository\org\asynchttpclient\async-http-client-netty-utils\2.12.3\async-http-client-netty-utils-2.12.3.jar;C:\Users\2015j\.m2\repository\io\netty\netty-codec-socks\4.1.60.Final\netty-codec-socks-4.1.60.Final.jar;C:\Users\2015j\.m2\repository\io\netty\netty-handler-proxy\4.1.60.Final\netty-handler-proxy-4.1.60.Final.jar;C:\Users\2015j\.m2\repository\io\netty\netty-transport-native-epoll\4.1.60.Final\netty-transport-native-epoll-4.1.60.Final-linux-x86_64.jar;C:\Users\2015j\.m2\repository\io\netty\netty-transport-native-kqueue\4.1.60.Final\netty-transport-native-kqueue-4.1.60.Final-osx-x86_64.jar;C:\Users\2015j\.m2\repository\org\reactivestreams\reactive-streams\1.0.3\reactive-streams-1.0.3.jar;C:\Users\2015j\.m2\repository\com\typesafe\netty\netty-reactive-streams\2.0.4\netty-reactive-streams-2.0.4.jar;C:\Users\2015j\.m2\repository\org\slf4j\slf4j-api\1.7.30\slf4j-api-1.7.30.jar;C:\Users\2015j\.m2\repository\com\sun\activation\jakarta.activation\1.2.2\jakarta.activation-1.2.2.jar;C:\Users\2015j\.m2\repository\org\seleniumhq\selenium\selenium-http\4.1.3\selenium-http-4.1.3.jar;C:\Users\2015j\.m2\repository\dev\failsafe\failsafe\3.2.3\failsafe-3.2.3.jar;C:\Users\2015j\.m2\repository\org\seleniumhq\selenium\selenium-safari-driver\4.1.3\selenium-safari-driver-4.1.3.jar;C:\Users\2015j\.m2\repository\org\seleniumhq\selenium\selenium-support\4.1.3\selenium-support-4.1.3.jar;C:\Users\2015j\.m2\repository\io\cucumber\cucumber-java\7.2.3\cucumber-java-7.2.3.jar;C:\Users\2015j\.m2\repository\io\cucumber\cucumber-core\7.2.3\cucumber-core-7.2.3.jar;C:\Users\2015j\.m2\repository\io\cucumber\cucumber-gherkin\7.2.3\cucumber-gherkin-7.2.3.jar;C:\Users\2015j\.m2\repository\io\cucumber\cucumber-gherkin-messages\7.2.3\cucumber-gherkin-messages-7.2.3.jar;C:\Users\2015j\.m2\repository\io\cucumber\messages\17.1.1\messages-17.1.1.jar;C:\Users\2015j\.m2\repository\io\cucumber\tag-expressions\4.1.0\tag-expressions-4.1.0.jar;C:\Users\2015j\.m2\repository\io\cucumber\cucumber-expressions\15.0.1\cucumber-expressions-15.0.1.jar;C:\Users\2015j\.m2\repository\io\cucumber\datatable\7.2.3\datatable-7.2.3.jar;C:\Users\2015j\.m2\repository\io\cucumber\cucumber-plugin\7.2.3\cucumber-plugin-7.2.3.jar;C:\Users\2015j\.m2\repository\io\cucumber\docstring\7.2.3\docstring-7.2.3.jar;C:\Users\2015j\.m2\repository\io\cucumber\html-formatter\17.0.0\html-formatter-17.0.0.jar;C:\Users\2015j\.m2\repository\io\cucumber\ci-environment\8.1.0\ci-environment-8.1.0.jar;C:\Users\2015j\.m2\repository\org\apiguardian\apiguardian-api\1.1.2\apiguardian-api-1.1.2.jar;C:\Users\2015j\.m2\repository\io\cucumber\cucumber-junit\7.2.3\cucumber-junit-7.2.3.jar;C:\Users\2015j\.m2\repository\junit\junit\4.13.2\junit-4.13.2.jar;C:\Users\2015j\.m2\repository\org\hamcrest\hamcrest-core\1.3\hamcrest-core-1.3.jar;C:\Users\2015j\.m2\repository\io\cucumber\cucumber-picocontainer\7.2.3\cucumber-picocontainer-7.2.3.jar;C:\Users\2015j\.m2\repository\org\picocontainer\picocontainer\2.15\picocontainer-2.15.jar;C:\Users\2015j\.m2\repository\org\apache\logging\log4j\log4j-core\2.17.2\log4j-core-2.17.2.jar;C:\Users\2015j\.m2\repository\org\apache\logging\log4j\log4j-api\2.17.2\log4j-api-2.17.2.jar;C:\Users\2015j\.m2\repository\commons-io\commons-io\2.11.0\commons-io-2.11.0.jar;C:\Users\2015j\.m2\repository\mysql\mysql-connector-java\8.0.28\mysql-connector-java-8.0.28.jar;C:\Users\2015j\.m2\repository\com\google\protobuf\protobuf-java\3.11.4\protobuf-java-3.11.4.jar;C:\Users\2015j\.m2\repository\org\apache\poi\poi\5.2.2\poi-5.2.2.jar;C:\Users\2015j\.m2\repository\commons-codec\commons-codec\1.15\commons-codec-1.15.jar;C:\Users\2015j\.m2\repository\org\apache\commons\commons-collections4\4.4\commons-collections4-4.4.jar;C:\Users\2015j\.m2\repository\org\apache\commons\commons-math3\3.6.1\commons-math3-3.6.1.jar;C:\Users\2015j\.m2\repository\com\zaxxer\SparseBitSet\1.2\SparseBitSet-1.2.jar;C:\Users\2015j\.m2\repository\org\apache\poi\poi-ooxml\5.2.2\poi-ooxml-5.2.2.jar;C:\Users\2015j\.m2\repository\org\apache\poi\poi-ooxml-lite\5.2.2\poi-ooxml-lite-5.2.2.jar;C:\Users\2015j\.m2\repository\org\apache\xmlbeans\xmlbeans\5.0.3\xmlbeans-5.0.3.jar;C:\Users\2015j\.m2\repository\org\apache\commons\commons-compress\1.21\commons-compress-1.21.jar;C:\Users\2015j\.m2\repository\com\github\virtuald\curvesapi\1.07\curvesapi-1.07.jar;"/>
    <property name="java.vm.vendor" value="Oracle Corporation"/>
    <property name="sun.arch.data.model" value="64"/>
    <property name="user.variant" value=""/>
    <property name="java.vendor.url" value="https://java.oracle.com/"/>
    <property name="user.timezone" value="Australia/Sydney"/>
    <property name="os.name" value="Windows 10"/>
    <property name="java.vm.specification.version" value="17"/>
    <property name="sun.java.launcher" value="SUN_STANDARD"/>
    <property name="user.country" value="GB"/>
    <property name="sun.boot.library.path" value="C:\Program Files\Java\jdk-17\bin"/>
    <property name="sun.java.command" value="C:\Users\2015j\AppData\Local\Temp\surefire14431047891362930637\surefirebooter8696451947750439168.jar C:\Users\2015j\AppData\Local\Temp\surefire14431047891362930637 2022-04-26T14-29-17_647-jvmRun1 surefire14291141457123972854tmp surefire_017682355685109917180tmp"/>
    <property name="jdk.debug" value="release"/>
    <property name="surefire.test.class.path" value="C:\Users\2015j\IdeaProjects\JordyProject\target\test-classes;C:\Users\2015j\IdeaProjects\JordyProject\target\classes;C:\Users\2015j\.m2\repository\org\seleniumhq\selenium\selenium-java\4.1.3\selenium-java-4.1.3.jar;C:\Users\2015j\.m2\repository\org\seleniumhq\selenium\selenium-api\4.1.3\selenium-api-4.1.3.jar;C:\Users\2015j\.m2\repository\org\seleniumhq\selenium\selenium-chrome-driver\4.1.3\selenium-chrome-driver-4.1.3.jar;C:\Users\2015j\.m2\repository\com\google\auto\service\auto-service-annotations\1.0.1\auto-service-annotations-1.0.1.jar;C:\Users\2015j\.m2\repository\com\google\auto\service\auto-service\1.0.1\auto-service-1.0.1.jar;C:\Users\2015j\.m2\repository\com\google\auto\auto-common\1.2\auto-common-1.2.jar;C:\Users\2015j\.m2\repository\com\google\guava\guava\31.1-jre\guava-31.1-jre.jar;C:\Users\2015j\.m2\repository\com\google\guava\failureaccess\1.0.1\failureaccess-1.0.1.jar;C:\Users\2015j\.m2\repository\com\google\guava\listenablefuture\9999.0-empty-to-avoid-conflict-with-guava\listenablefuture-9999.0-empty-to-avoid-conflict-with-guava.jar;C:\Users\2015j\.m2\repository\com\google\code\findbugs\jsr305\3.0.2\jsr305-3.0.2.jar;C:\Users\2015j\.m2\repository\org\checkerframework\checker-qual\3.12.0\checker-qual-3.12.0.jar;C:\Users\2015j\.m2\repository\com\google\errorprone\error_prone_annotations\2.11.0\error_prone_annotations-2.11.0.jar;C:\Users\2015j\.m2\repository\com\google\j2objc\j2objc-annotations\1.3\j2objc-annotations-1.3.jar;C:\Users\2015j\.m2\repository\org\seleniumhq\selenium\selenium-chromium-driver\4.1.3\selenium-chromium-driver-4.1.3.jar;C:\Users\2015j\.m2\repository\org\seleniumhq\selenium\selenium-json\4.1.3\selenium-json-4.1.3.jar;C:\Users\2015j\.m2\repository\org\seleniumhq\selenium\selenium-devtools-v85\4.1.3\selenium-devtools-v85-4.1.3.jar;C:\Users\2015j\.m2\repository\org\seleniumhq\selenium\selenium-devtools-v97\4.1.3\selenium-devtools-v97-4.1.3.jar;C:\Users\2015j\.m2\repository\org\seleniumhq\selenium\selenium-devtools-v98\4.1.3\selenium-devtools-v98-4.1.3.jar;C:\Users\2015j\.m2\repository\org\seleniumhq\selenium\selenium-devtools-v99\4.1.3\selenium-devtools-v99-4.1.3.jar;C:\Users\2015j\.m2\repository\org\seleniumhq\selenium\selenium-edge-driver\4.1.3\selenium-edge-driver-4.1.3.jar;C:\Users\2015j\.m2\repository\org\seleniumhq\selenium\selenium-firefox-driver\4.1.3\selenium-firefox-driver-4.1.3.jar;C:\Users\2015j\.m2\repository\org\seleniumhq\selenium\selenium-ie-driver\4.1.3\selenium-ie-driver-4.1.3.jar;C:\Users\2015j\.m2\repository\org\seleniumhq\selenium\selenium-opera-driver\4.1.3\selenium-opera-driver-4.1.3.jar;C:\Users\2015j\.m2\repository\org\seleniumhq\selenium\selenium-remote-driver\4.1.3\selenium-remote-driver-4.1.3.jar;C:\Users\2015j\.m2\repository\com\beust\jcommander\1.82\jcommander-1.82.jar;C:\Users\2015j\.m2\repository\io\netty\netty-buffer\4.1.75.Final\netty-buffer-4.1.75.Final.jar;C:\Users\2015j\.m2\repository\io\netty\netty-codec-http\4.1.75.Final\netty-codec-http-4.1.75.Final.jar;C:\Users\2015j\.m2\repository\io\netty\netty-codec\4.1.75.Final\netty-codec-4.1.75.Final.jar;C:\Users\2015j\.m2\repository\io\netty\netty-handler\4.1.75.Final\netty-handler-4.1.75.Final.jar;C:\Users\2015j\.m2\repository\io\netty\netty-common\4.1.75.Final\netty-common-4.1.75.Final.jar;C:\Users\2015j\.m2\repository\io\netty\netty-transport-classes-epoll\4.1.75.Final\netty-transport-classes-epoll-4.1.75.Final.jar;C:\Users\2015j\.m2\repository\io\netty\netty-transport-classes-kqueue\4.1.75.Final\netty-transport-classes-kqueue-4.1.75.Final.jar;C:\Users\2015j\.m2\repository\io\netty\netty-transport-native-epoll\4.1.75.Final\netty-transport-native-epoll-4.1.75.Final.jar;C:\Users\2015j\.m2\repository\io\netty\netty-transport-native-kqueue\4.1.75.Final\netty-transport-native-kqueue-4.1.75.Final.jar;C:\Users\2015j\.m2\repository\io\netty\netty-transport-native-unix-common\4.1.75.Final\netty-transport-native-unix-common-4.1.75.Final.jar;C:\Users\2015j\.m2\repository\io\netty\netty-transport\4.1.75.Final\netty-transport-4.1.75.Final.jar;C:\Users\2015j\.m2\repository\io\netty\netty-resolver\4.1.75.Final\netty-resolver-4.1.75.Final.jar;C:\Users\2015j\.m2\repository\io\opentelemetry\opentelemetry-api\1.12.0\opentelemetry-api-1.12.0.jar;C:\Users\2015j\.m2\repository\io\opentelemetry\opentelemetry-context\1.12.0\opentelemetry-context-1.12.0.jar;C:\Users\2015j\.m2\repository\io\opentelemetry\opentelemetry-exporter-logging\1.12.0\opentelemetry-exporter-logging-1.12.0.jar;C:\Users\2015j\.m2\repository\io\opentelemetry\opentelemetry-sdk-metrics\1.12.0-alpha\opentelemetry-sdk-metrics-1.12.0-alpha.jar;C:\Users\2015j\.m2\repository\io\opentelemetry\opentelemetry-sdk-logs\1.12.0-alpha\opentelemetry-sdk-logs-1.12.0-alpha.jar;C:\Users\2015j\.m2\repository\io\opentelemetry\opentelemetry-sdk-common\1.12.0\opentelemetry-sdk-common-1.12.0.jar;C:\Users\2015j\.m2\repository\io\opentelemetry\opentelemetry-sdk-extension-autoconfigure-spi\1.12.0\opentelemetry-sdk-extension-autoconfigure-spi-1.12.0.jar;C:\Users\2015j\.m2\repository\io\opentelemetry\opentelemetry-sdk-extension-autoconfigure\1.12.0-alpha\opentelemetry-sdk-extension-autoconfigure-1.12.0-alpha.jar;C:\Users\2015j\.m2\repository\io\opentelemetry\opentelemetry-sdk-trace\1.12.0\opentelemetry-sdk-trace-1.12.0.jar;C:\Users\2015j\.m2\repository\io\opentelemetry\opentelemetry-sdk\1.12.0\opentelemetry-sdk-1.12.0.jar;C:\Users\2015j\.m2\repository\io\opentelemetry\opentelemetry-semconv\1.12.0-alpha\opentelemetry-semconv-1.12.0-alpha.jar;C:\Users\2015j\.m2\repository\io\ous\jtoml\2.0.0\jtoml-2.0.0.jar;C:\Users\2015j\.m2\repository\net\bytebuddy\byte-buddy\1.12.8\byte-buddy-1.12.8.jar;C:\Users\2015j\.m2\repository\org\apache\commons\commons-exec\1.3\commons-exec-1.3.jar;C:\Users\2015j\.m2\repository\org\asynchttpclient\async-http-client\2.12.3\async-http-client-2.12.3.jar;C:\Users\2015j\.m2\repository\org\asynchttpclient\async-http-client-netty-utils\2.12.3\async-http-client-netty-utils-2.12.3.jar;C:\Users\2015j\.m2\repository\io\netty\netty-codec-socks\4.1.60.Final\netty-codec-socks-4.1.60.Final.jar;C:\Users\2015j\.m2\repository\io\netty\netty-handler-proxy\4.1.60.Final\netty-handler-proxy-4.1.60.Final.jar;C:\Users\2015j\.m2\repository\io\netty\netty-transport-native-epoll\4.1.60.Final\netty-transport-native-epoll-4.1.60.Final-linux-x86_64.jar;C:\Users\2015j\.m2\repository\io\netty\netty-transport-native-kqueue\4.1.60.Final\netty-transport-native-kqueue-4.1.60.Final-osx-x86_64.jar;C:\Users\2015j\.m2\repository\org\reactivestreams\reactive-streams\1.0.3\reactive-streams-1.0.3.jar;C:\Users\2015j\.m2\repository\com\typesafe\netty\netty-reactive-streams\2.0.4\netty-reactive-streams-2.0.4.jar;C:\Users\2015j\.m2\repository\org\slf4j\slf4j-api\1.7.30\slf4j-api-1.7.30.jar;C:\Users\2015j\.m2\repository\com\sun\activation\jakarta.activation\1.2.2\jakarta.activation-1.2.2.jar;C:\Users\2015j\.m2\repository\org\seleniumhq\selenium\selenium-http\4.1.3\selenium-http-4.1.3.jar;C:\Users\2015j\.m2\repository\dev\failsafe\failsafe\3.2.3\failsafe-3.2.3.jar;C:\Users\2015j\.m2\repository\org\seleniumhq\selenium\selenium-safari-driver\4.1.3\selenium-safari-driver-4.1.3.jar;C:\Users\2015j\.m2\repository\org\seleniumhq\selenium\selenium-support\4.1.3\selenium-support-4.1.3.jar;C:\Users\2015j\.m2\repository\io\cucumber\cucumber-java\7.2.3\cucumber-java-7.2.3.jar;C:\Users\2015j\.m2\repository\io\cucumber\cucumber-core\7.2.3\cucumber-core-7.2.3.jar;C:\Users\2015j\.m2\repository\io\cucumber\cucumber-gherkin\7.2.3\cucumber-gherkin-7.2.3.jar;C:\Users\2015j\.m2\repository\io\cucumber\cucumber-gherkin-messages\7.2.3\cucumber-gherkin-messages-7.2.3.jar;C:\Users\2015j\.m2\repository\io\cucumber\messages\17.1.1\messages-17.1.1.jar;C:\Users\2015j\.m2\repository\io\cucumber\tag-expressions\4.1.0\tag-expressions-4.1.0.jar;C:\Users\2015j\.m2\repository\io\cucumber\cucumber-expressions\15.0.1\cucumber-expressions-15.0.1.jar;C:\Users\2015j\.m2\repository\io\cucumber\datatable\7.2.3\datatable-7.2.3.jar;C:\Users\2015j\.m2\repository\io\cucumber\cucumber-plugin\7.2.3\cucumber-plugin-7.2.3.jar;C:\Users\2015j\.m2\repository\io\cucumber\docstring\7.2.3\docstring-7.2.3.jar;C:\Users\2015j\.m2\repository\io\cucumber\html-formatter\17.0.0\html-formatter-17.0.0.jar;C:\Users\2015j\.m2\repository\io\cucumber\ci-environment\8.1.0\ci-environment-8.1.0.jar;C:\Users\2015j\.m2\repository\org\apiguardian\apiguardian-api\1.1.2\apiguardian-api-1.1.2.jar;C:\Users\2015j\.m2\repository\io\cucumber\cucumber-junit\7.2.3\cucumber-junit-7.2.3.jar;C:\Users\2015j\.m2\repository\junit\junit\4.13.2\junit-4.13.2.jar;C:\Users\2015j\.m2\repository\org\hamcrest\hamcrest-core\1.3\hamcrest-core-1.3.jar;C:\Users\2015j\.m2\repository\io\cucumber\cucumber-picocontainer\7.2.3\cucumber-picocontainer-7.2.3.jar;C:\Users\2015j\.m2\repository\org\picocontainer\picocontainer\2.15\picocontainer-2.15.jar;C:\Users\2015j\.m2\repository\org\apache\logging\log4j\log4j-core\2.17.2\log4j-core-2.17.2.jar;C:\Users\2015j\.m2\repository\org\apache\logging\log4j\log4j-api\2.17.2\log4j-api-2.17.2.jar;C:\Users\2015j\.m2\repository\commons-io\commons-io\2.11.0\commons-io-2.11.0.jar;C:\Users\2015j\.m2\repository\mysql\mysql-connector-java\8.0.28\mysql-connector-java-8.0.28.jar;C:\Users\2015j\.m2\repository\com\google\protobuf\protobuf-java\3.11.4\protobuf-java-3.11.4.jar;C:\Users\2015j\.m2\repository\org\apache\poi\poi\5.2.2\poi-5.2.2.jar;C:\Users\2015j\.m2\repository\commons-codec\commons-codec\1.15\commons-codec-1.15.jar;C:\Users\2015j\.m2\repository\org\apache\commons\commons-collections4\4.4\commons-collections4-4.4.jar;C:\Users\2015j\.m2\repository\org\apache\commons\commons-math3\3.6.1\commons-math3-3.6.1.jar;C:\Users\2015j\.m2\repository\com\zaxxer\SparseBitSet\1.2\SparseBitSet-1.2.jar;C:\Users\2015j\.m2\repository\org\apache\poi\poi-ooxml\5.2.2\poi-ooxml-5.2.2.jar;C:\Users\2015j\.m2\repository\org\apache\poi\poi-ooxml-lite\5.2.2\poi-ooxml-lite-5.2.2.jar;C:\Users\2015j\.m2\repository\org\apache\xmlbeans\xmlbeans\5.0.3\xmlbeans-5.0.3.jar;C:\Users\2015j\.m2\repository\org\apache\commons\commons-compress\1.21\commons-compress-1.21.jar;C:\Users\2015j\.m2\repository\com\github\virtuald\curvesapi\1.07\curvesapi-1.07.jar;"/>
    <property name="sun.cpu.endian" value="little"/>
    <property name="user.home" value="C:\Users\2015j"/>
    <property name="user.language" value="en"/>
    <property name="java.specification.vendor" value="Oracle Corporation"/>
    <property name="java.version.date" value="2021-09-14"/>
    <property name="java.home" value="C:\Program Files\Java\jdk-17"/>
    <property name="file.separator" value="\"/>
    <property name="basedir" value="C:\Users\2015j\IdeaProjects\JordyProject"/>
    <property name="java.vm.compressedOopsMode" value="Zero based"/>
    <property name="line.separator" value="&#10;"/>
    <property name="java.vm.specification.vendor" value="Oracle Corporation"/>
    <property name="java.specification.name" value="Java Platform API Specification"/>
    <property name="surefire.real.class.path" value="C:\Users\2015j\AppData\Local\Temp\surefire14431047891362930637\surefirebooter8696451947750439168.jar"/>
    <property name="user.script" value=""/>
    <property name="sun.management.compiler" value="HotSpot 64-Bit Tiered Compilers"/>
    <property name="java.runtime.version" value="17+35-LTS-2724"/>
    <property name="user.name" value="2015j"/>
    <property name="path.separator" value=";"/>
    <property name="os.version" value="10.0"/>
    <property name="java.runtime.name" value="Java(TM) SE Runtime Environment"/>
    <property name="file.encoding" value="Cp1252"/>
    <property name="java.vm.name" value="Java HotSpot(TM) 64-Bit Server VM"/>
    <property name="localRepository" value="C:\Users\2015j\.m2\repository"/>
    <property name="java.vendor.url.bug" value="https://bugreport.java.com/bugreport/"/>
    <property name="java.io.tmpdir" value="C:\Users\2015j\AppData\Local\Temp\"/>
    <property name="idea.version" value="2021.2.2"/>
    <property name="java.version" value="17"/>
    <property name="user.dir" value="C:\Users\2015j\IdeaProjects\JordyProject"/>
    <property name="os.arch" value="amd64"/>
    <property name="java.vm.specification.name" value="Java Virtual Machine Specification"/>
    <property name="sun.os.patch.level" value=""/>
    <property name="native.encoding" value="Cp1252"/>
    <property name="java.library.path" value="C:\Program Files\Java\jdk-17\bin;C:\WINDOWS\Sun\Java\bin;C:\WINDOWS\system32;C:\WINDOWS;C:\Program Files\Common Files\Oracle\Java\javapath;C:\Program Files\Zulu\zulu-11\bin\;C:\Program Files\AdoptOpenJDK\jdk-11.0.11.9-hotspot\bin;C:\Windows\system32;C:\Windows;C:\Windows\System32\Wbem;C:\Windows\System32\WindowsPowerShell\v1.0\;C:\Windows\System32\OpenSSH\;C:\Program Files (x86)\NVIDIA Corporation\PhysX\Common;C:\Program Files\NVIDIA Corporation\NVIDIA NvDLISR;C:\WINDOWS\system32;C:\WINDOWS;C:\WINDOWS\System32\Wbem;C:\WINDOWS\System32\WindowsPowerShell\v1.0\;C:\WINDOWS\System32\OpenSSH\;C:\Program Files\dotnet\;C:\Program Files\Microsoft SQL Server\130\Tools\Binn\;C:\Program Files\Microsoft SQL Server\Client SDK\ODBC\170\Tools\Binn\;C:\Program Files\Java\jdk-17\bin;C:\Users\2015j\MavenJava\apache-maven-3.8.5\bin;C:\Program Files\Git\cmd;C:\Program Files\MySQL\MySQL Shell 8.0\bin\;C:\Users\2015j\AppData\Local\Microsoft\WindowsApps;C:\Users\2015j\.dotnet\tools;C:\Program Files\sfdx\bin;C:\Users\2015j\AppData\Local\Programs\Microsoft VS Code\bin;."/>
    <property name="java.vm.info" value="mixed mode, sharing"/>
    <property name="java.vendor" value="Oracle Corporation"/>
    <property name="java.vm.version" value="17+35-LTS-2724"/>
    <property name="sun.io.unicode.encoding" value="UnicodeLittle"/>
    <property name="java.class.version" value="61.0"/>
  </properties>
  <testcase name="Add a new opportunity with Excel #1" classname="Salesforce activities" time="30.889">
    <system-out><![CDATA[14:29:19.699 [pool-3-thread-2] ERROR hiveCommon.KeyValReader - Failed to find path of file
14:29:21.110 [pool-3-thread-2] DEBUG base - Logging in Salesforce-----------------------
14:29:33.117 [pool-3-thread-2] INFO  base - Logged into salesforce-----------------------
14:29:34.032 [pool-3-thread-2] INFO  base - Hello im here at app -------------------
14:29:34.064 [pool-3-thread-2] DEBUG base - Going to opportunities tab-----------------------
14:29:35.619 [pool-3-thread-2] INFO  base - Successfully clicked on opportunities tab
14:29:37.542 [pool-3-thread-2] DEBUG base - Trying to send information--------------------
14:29:39.541 [pool-3-thread-2] INFO  base - New Opportunity Information filled----------------
14:29:39.541 [pool-3-thread-2] DEBUG base - Clicking on save ---------------------------------
14:29:39.626 [pool-3-thread-2] INFO  base - Successfully clicked on save -----------------------
14:29:44.632 [pool-3-thread-2] DEBUG base - Clicking on Search---------------------
14:29:45.529 [pool-3-thread-2] INFO  base - Successfully validated new Opportunity
]]></system-out>
    <system-err><![CDATA[SLF4J: Failed to load class "org.slf4j.impl.StaticLoggerBinder".
SLF4J: Defaulting to no-operation (NOP) logger implementation
SLF4J: See http://www.slf4j.org/codes.html#StaticLoggerBinder for further details.
Starting ChromeDriver 99.0.4844.51 (d537ec02474b5afe23684e7963d538896c63ac77-refs/branch-heads/4844@{#875}) on port 62869
Only local connections are allowed.
Please see https://chromedriver.chromium.org/security-considerations for suggestions on keeping ChromeDriver safe.
ChromeDriver was started successfully.
[1650947360.962][WARNING]: This version of ChromeDriver has not been tested with Chrome version 100.
Apr 26, 2022 2:29:21 PM org.openqa.selenium.remote.ProtocolHandshake createSession
INFO: Detected dialect: W3C
Apr 26, 2022 2:29:21 PM org.openqa.selenium.devtools.CdpVersionFinder findNearestMatch
WARNING: Unable to find an exact match for CDP version 100, so returning the closest version found: 99
Apr 26, 2022 2:29:21 PM org.openqa.selenium.devtools.CdpVersionFinder findNearestMatch
INFO: Found CDP implementation for version 100 of 99
]]></system-err>
  </testcase>
  <testcase name="Add a new opportunity with Excel #2" classname="Salesforce activities" time="29.929">
    <system-out><![CDATA[14:29:49.910 [pool-3-thread-2] ERROR hiveCommon.KeyValReader - Failed to find path of file
14:29:50.751 [pool-3-thread-2] DEBUG base - Logging in Salesforce-----------------------
14:30:02.051 [pool-3-thread-2] INFO  base - Logged into salesforce-----------------------
14:30:02.973 [pool-3-thread-2] INFO  base - Hello im here at app -------------------
14:30:02.995 [pool-3-thread-2] DEBUG base - Going to opportunities tab-----------------------
14:30:05.426 [pool-3-thread-2] INFO  base - Successfully clicked on opportunities tab
14:30:07.741 [pool-3-thread-2] DEBUG base - Trying to send information--------------------
14:30:09.536 [pool-3-thread-2] INFO  base - New Opportunity Information filled----------------
14:30:09.536 [pool-3-thread-2] DEBUG base - Clicking on save ---------------------------------
14:30:09.609 [pool-3-thread-2] INFO  base - Successfully clicked on save -----------------------
14:30:14.611 [pool-3-thread-2] DEBUG base - Clicking on Search---------------------
14:30:15.503 [pool-3-thread-2] INFO  base - Successfully validated new Opportunity
]]></system-out>
    <system-err><![CDATA[Starting ChromeDriver 99.0.4844.51 (d537ec02474b5afe23684e7963d538896c63ac77-refs/branch-heads/4844@{#875}) on port 53318
Only local connections are allowed.
Please see https://chromedriver.chromium.org/security-considerations for suggestions on keeping ChromeDriver safe.
ChromeDriver was started successfully.
[1650947390.703][WARNING]: This version of ChromeDriver has not been tested with Chrome version 100.
Apr 26, 2022 2:29:50 PM org.openqa.selenium.remote.ProtocolHandshake createSession
INFO: Detected dialect: W3C
Apr 26, 2022 2:29:50 PM org.openqa.selenium.devtools.CdpVersionFinder findNearestMatch
WARNING: Unable to find an exact match for CDP version 100, so returning the closest version found: 99
Apr 26, 2022 2:29:50 PM org.openqa.selenium.devtools.CdpVersionFinder findNearestMatch
INFO: Found CDP implementation for version 100 of 99
]]></system-err>
  </testcase>
  <testcase name="Add a new opportunity with Excel #3" classname="Salesforce activities" time="33.852">
    <system-out><![CDATA[14:30:19.833 [pool-3-thread-2] ERROR hiveCommon.KeyValReader - Failed to find path of file
14:30:20.657 [pool-3-thread-2] DEBUG base - Logging in Salesforce-----------------------
14:30:33.186 [pool-3-thread-2] INFO  base - Logged into salesforce-----------------------
14:30:37.912 [pool-3-thread-2] INFO  base - Hello im here at app -------------------
14:30:37.927 [pool-3-thread-2] DEBUG base - Going to opportunities tab-----------------------
14:30:39.851 [pool-3-thread-2] INFO  base - Successfully clicked on opportunities tab
14:30:41.611 [pool-3-thread-2] DEBUG base - Trying to send information--------------------
14:30:43.347 [pool-3-thread-2] INFO  base - New Opportunity Information filled----------------
14:30:43.347 [pool-3-thread-2] DEBUG base - Clicking on save ---------------------------------
14:30:43.415 [pool-3-thread-2] INFO  base - Successfully clicked on save -----------------------
14:30:48.427 [pool-3-thread-2] DEBUG base - Clicking on Search---------------------
14:30:49.335 [pool-3-thread-2] INFO  base - Successfully validated new Opportunity
]]></system-out>
    <system-err><![CDATA[Starting ChromeDriver 99.0.4844.51 (d537ec02474b5afe23684e7963d538896c63ac77-refs/branch-heads/4844@{#875}) on port 58114
Only local connections are allowed.
Please see https://chromedriver.chromium.org/security-considerations for suggestions on keeping ChromeDriver safe.
ChromeDriver was started successfully.
[1650947420.615][WARNING]: This version of ChromeDriver has not been tested with Chrome version 100.
Apr 26, 2022 2:30:20 PM org.openqa.selenium.remote.ProtocolHandshake createSession
INFO: Detected dialect: W3C
Apr 26, 2022 2:30:20 PM org.openqa.selenium.devtools.CdpVersionFinder findNearestMatch
WARNING: Unable to find an exact match for CDP version 100, so returning the closest version found: 99
Apr 26, 2022 2:30:20 PM org.openqa.selenium.devtools.CdpVersionFinder findNearestMatch
INFO: Found CDP implementation for version 100 of 99
]]></system-err>
  </testcase>
</testsuite>