<?xml version="1.0" encoding="UTF-8"?>
<!-- Generated by org.testng.reporters.JUnitReportReporter -->
<testsuite hostname="DESKTOP-3D1RE16" failures="0" tests="2" name="com.Test1" time="77.176" errors="0" timestamp="2022-03-30T12:31:09 AEDT" skipped="0">
  <testcase classname="com.Test1" name="LoginTest" time="39.894"/>
  <system-out/>
  <testcase classname="com.Test1" name="LoginTest" time="37.282"/>
  <system-out/>
</testsuite> <!-- com.Test1 -->
