<?xml version="1.0" encoding="UTF-8"?>
<!-- Generated by org.testng.reporters.JUnitReportReporter -->
<testsuite hostname="DESKTOP-3D1RE16" failures="0" tests="2" name="com.Test1" time="67.973" errors="0" timestamp="2022-03-31T15:43:11 AEDT" skipped="0">
  <testcase classname="com.Test1" name="LoginTest" time="20.329"/>
  <system-out/>
  <testcase classname="com.Test1" name="LoginTest" time="47.644"/>
  <system-out/>
</testsuite> <!-- com.Test1 -->
