<?xml version="1.0" encoding="UTF-8"?>
<!-- Generated by org.testng.reporters.JUnitReportReporter -->
<testsuite hostname="DESKTOP-3D1RE16" failures="0" tests="2" name="com.Test1" time="66.731" errors="0" timestamp="2022-03-26T18:18:29 AEDT" skipped="0">
  <testcase classname="com.Test1" name="LoginTest" time="29.619"/>
  <system-out/>
  <testcase classname="com.Test1" name="LoginTest" time="37.112"/>
  <system-out/>
</testsuite> <!-- com.Test1 -->
