<?xml version="1.0" encoding="UTF-8"?>
<!-- Generated by org.testng.reporters.JUnitReportReporter -->
<testsuite hostname="DESKTOP-3D1RE16" failures="0" tests="1" name="com.Test3" time="19.438" errors="0" timestamp="2022-03-30T12:31:09 AEDT" skipped="0">
  <testcase classname="com.Test3" name="getDatabsedata" time="19.438"/>
  <system-out/>
</testsuite> <!-- com.Test3 -->
