<?xml version="1.0" encoding="UTF-8"?>
<!-- Generated by org.testng.reporters.JUnitReportReporter -->
<testsuite hostname="DESKTOP-3D1RE16" failures="0" tests="2" name="com.Test1" time="60.223" errors="0" timestamp="2022-03-28T13:11:12 AEDT" skipped="0">
  <testcase classname="com.Test1" name="LoginTest" time="40.250"/>
  <system-out/>
  <testcase classname="com.Test1" name="LoginTest" time="19.973"/>
  <system-out/>
</testsuite> <!-- com.Test1 -->
