<?xml version="1.0" encoding="UTF-8"?>
<!-- Generated by org.testng.reporters.JUnitReportReporter -->
<testsuite hostname="DESKTOP-3D1RE16" failures="0" tests="1" name="com.Test2" time="0.118" errors="0" timestamp="2022-03-31T13:32:04 AEDT" skipped="0">
  <testcase classname="com.Test2" name="getHomePageItems" time="0.118"/>
  <system-out/>
</testsuite> <!-- com.Test2 -->
