<?xml version="1.0" encoding="UTF-8"?>
<!-- Generated by org.testng.reporters.JUnitReportReporter -->
<testsuite hostname="DESKTOP-3D1RE16" failures="0" tests="2" name="com.Test4" time="25.973" errors="0" timestamp="2022-03-31T15:43:11 AEDT" skipped="0">
  <testcase classname="com.Test4" name="uploadFile" time="10.354"/>
  <system-out/>
  <testcase classname="com.Test4" name="downloadFile" time="15.619"/>
  <system-out/>
</testsuite> <!-- com.Test4 -->
